Added Component: Designator=C3(JP14-C1T)
Add component (AddParameter): Name = "ComponentLink1 Description"; Value = "Manufacturer"; VariantName = "[No Variations]"
Add component (AddParameter): Name = "ComponentLink1URL"; Value = "http://www.we-online.com"; VariantName = "[No Variations]"
Add component (AddParameter): Name = "ComponentLink2 Description"; Value = "Datasheet"; VariantName = "[No Variations]"
Add component (AddParameter): Name = "ComponentLink2URL"; Value = "http://katalog.we-online.de/em/datasheet/6130xx143121.pdf"; VariantName = "[No Variations]"
Add component (AddParameter): Name = "Created by"; Value = "Karrer Zheng"; VariantName = "[No Variations]"
Add component (AddParameter): Name = "Created Date"; Value = "29 March 2013"; VariantName = "[No Variations]"
Add component (AddParameter): Name = "Manufacturer"; Value = "W¨¹rth Elektronik eiSos GmbH"; VariantName = "[No Variations]"
Add component (AddParameter): Name = "NoPins"; Value = "14"; VariantName = "[No Variations]"
Add component (AddParameter): Name = "partNo"; Value = "613014143121"; VariantName = "[No Variations]"
Added Component: Designator=c8(tro vach 1/4w)
Add component (AddParameter): Name = "Chung_Loai"; Value = "C?m"; VariantName = "[No Variations]"
Add component (AddParameter): Name = "Don_Vi"; Value = "Con"; VariantName = "[No Variations]"
Add component (AddParameter): Name = "Kieu_Chan"; Value = ""; VariantName = "[No Variations]"
Add component (AddParameter): Name = "Ma_Hang"; Value = "MH007354"; VariantName = "[No Variations]"
Add component (AddParameter): Name = "So_Chan"; Value = "2"; VariantName = "[No Variations]"
Add component (AddParameter): Name = "Ten_Linh_Kien"; Value = "Tr? V?ch 1/4w 5% 10K"; VariantName = "[No Variations]"
Added Component: Designator=C9(JP14-C1T)
Add component (AddParameter): Name = "ComponentLink1 Description"; Value = "Manufacturer"; VariantName = "[No Variations]"
Add component (AddParameter): Name = "ComponentLink1URL"; Value = "http://www.we-online.com"; VariantName = "[No Variations]"
Add component (AddParameter): Name = "ComponentLink2 Description"; Value = "Datasheet"; VariantName = "[No Variations]"
Add component (AddParameter): Name = "ComponentLink2URL"; Value = "http://katalog.we-online.de/em/datasheet/6130xx143121.pdf"; VariantName = "[No Variations]"
Add component (AddParameter): Name = "Created by"; Value = "Karrer Zheng"; VariantName = "[No Variations]"
Add component (AddParameter): Name = "Created Date"; Value = "29 March 2013"; VariantName = "[No Variations]"
Add component (AddParameter): Name = "Manufacturer"; Value = "W¨¹rth Elektronik eiSos GmbH"; VariantName = "[No Variations]"
Add component (AddParameter): Name = "NoPins"; Value = "14"; VariantName = "[No Variations]"
Add component (AddParameter): Name = "partNo"; Value = "613014143121"; VariantName = "[No Variations]"
Added Component: Designator=C15(Tu 0805)
Add component (AddParameter): Name = "Chung_Loai"; Value = "Dán"; VariantName = "[No Variations]"
Add component (AddParameter): Name = "Don_Vi"; Value = "Con"; VariantName = "[No Variations]"
Add component (AddParameter): Name = "Kieu_Chan"; Value = ""; VariantName = "[No Variations]"
Add component (AddParameter): Name = "Ma_Hang"; Value = "MH004553"; VariantName = "[No Variations]"
Add component (AddParameter): Name = "So_Chan"; Value = "2"; VariantName = "[No Variations]"
Add component (AddParameter): Name = "Ten_Linh_Kien"; Value = "T? 0805 106-10uF 10% 16V"; VariantName = "[No Variations]"
Added Component: Designator=C16(Tu 0805)
Add component (AddParameter): Name = "Chung_Loai"; Value = "Dán"; VariantName = "[No Variations]"
Add component (AddParameter): Name = "Don_Vi"; Value = "Con"; VariantName = "[No Variations]"
Add component (AddParameter): Name = "Kieu_Chan"; Value = ""; VariantName = "[No Variations]"
Add component (AddParameter): Name = "Ma_Hang"; Value = "MH004553"; VariantName = "[No Variations]"
Add component (AddParameter): Name = "So_Chan"; Value = "2"; VariantName = "[No Variations]"
Add component (AddParameter): Name = "Ten_Linh_Kien"; Value = "T? 0805 106-10uF 10% 16V"; VariantName = "[No Variations]"
Added Component: Designator=C17(Tu 0805)
Add component (AddParameter): Name = "Chung_Loai"; Value = "Dán"; VariantName = "[No Variations]"
Add component (AddParameter): Name = "Don_Vi"; Value = "Con"; VariantName = "[No Variations]"
Add component (AddParameter): Name = "Kieu_Chan"; Value = ""; VariantName = "[No Variations]"
Add component (AddParameter): Name = "Ma_Hang"; Value = "MH004553"; VariantName = "[No Variations]"
Add component (AddParameter): Name = "So_Chan"; Value = "2"; VariantName = "[No Variations]"
Add component (AddParameter): Name = "Ten_Linh_Kien"; Value = "T? 0805 106-10uF 10% 16V"; VariantName = "[No Variations]"
Added Component: Designator=C18(Tu 0805)
Add component (AddParameter): Name = "Chung_Loai"; Value = "Dán"; VariantName = "[No Variations]"
Add component (AddParameter): Name = "Don_Vi"; Value = "Con"; VariantName = "[No Variations]"
Add component (AddParameter): Name = "Kieu_Chan"; Value = ""; VariantName = "[No Variations]"
Add component (AddParameter): Name = "Ma_Hang"; Value = "MH004553"; VariantName = "[No Variations]"
Add component (AddParameter): Name = "So_Chan"; Value = "2"; VariantName = "[No Variations]"
Add component (AddParameter): Name = "Ten_Linh_Kien"; Value = "T? 0805 106-10uF 10% 16V"; VariantName = "[No Variations]"
Added Component: Designator=JP1(Header9)
Add component (AddParameter): Name = "Value"; Value = "Connector 9"; VariantName = "[No Variations]"
Added Component: Designator=LED1(LED-5-RED)
Add component (AddParameter): Name = "Value"; Value = "LED 3 ly Single Colour"; VariantName = "[No Variations]"
Added Component: Designator=LED2(LED-0805-Red)
Add component (AddParameter): Name = "Value"; Value = "LED 3 - 5 ly 2 Colour"; VariantName = "[No Variations]"
Added Component: Designator=LED3(LED-0805-Red)
Add component (AddParameter): Name = "Value"; Value = "LED 3 - 5 ly 2 Colour"; VariantName = "[No Variations]"
Added Component: Designator=LED4(LED-0805-Red)
Add component (AddParameter): Name = "Value"; Value = "LED 3 - 5 ly 2 Colour"; VariantName = "[No Variations]"
Added Component: Designator=LED5(LED-0805-Red)
Add component (AddParameter): Name = "Value"; Value = "LED 3 - 5 ly 2 Colour"; VariantName = "[No Variations]"
Added Component: Designator=R1(Tro SMD 0805)
Add component (AddParameter): Name = "Chung_Loai"; Value = "Dán"; VariantName = "[No Variations]"
Add component (AddParameter): Name = "Don_Vi"; Value = "Con"; VariantName = "[No Variations]"
Add component (AddParameter): Name = "Kieu_Chan"; Value = ""; VariantName = "[No Variations]"
Add component (AddParameter): Name = "Ma_Hang"; Value = "MH005337"; VariantName = "[No Variations]"
Add component (AddParameter): Name = "So_Chan"; Value = "2"; VariantName = "[No Variations]"
Add component (AddParameter): Name = "Ten_Linh_Kien"; Value = "Tr? 0805 5% 330R"; VariantName = "[No Variations]"
Added Component: Designator=R2(Tro SMD 0805)
Add component (AddParameter): Name = "Chung_Loai"; Value = "Dán"; VariantName = "[No Variations]"
Add component (AddParameter): Name = "Don_Vi"; Value = "Con"; VariantName = "[No Variations]"
Add component (AddParameter): Name = "Kieu_Chan"; Value = ""; VariantName = "[No Variations]"
Add component (AddParameter): Name = "Ma_Hang"; Value = "MH005337"; VariantName = "[No Variations]"
Add component (AddParameter): Name = "So_Chan"; Value = "2"; VariantName = "[No Variations]"
Add component (AddParameter): Name = "Ten_Linh_Kien"; Value = "Tr? 0805 5% 330R"; VariantName = "[No Variations]"
Added Component: Designator=R3(Tro SMD 0805)
Add component (AddParameter): Name = "Chung_Loai"; Value = "Dán"; VariantName = "[No Variations]"
Add component (AddParameter): Name = "Don_Vi"; Value = "Con"; VariantName = "[No Variations]"
Add component (AddParameter): Name = "Kieu_Chan"; Value = ""; VariantName = "[No Variations]"
Add component (AddParameter): Name = "Ma_Hang"; Value = "MH005337"; VariantName = "[No Variations]"
Add component (AddParameter): Name = "So_Chan"; Value = "2"; VariantName = "[No Variations]"
Add component (AddParameter): Name = "Ten_Linh_Kien"; Value = "Tr? 0805 5% 330R"; VariantName = "[No Variations]"
Added Component: Designator=R4(Tro SMD 0805)
Add component (AddParameter): Name = "Chung_Loai"; Value = "Dán"; VariantName = "[No Variations]"
Add component (AddParameter): Name = "Don_Vi"; Value = "Con"; VariantName = "[No Variations]"
Add component (AddParameter): Name = "Kieu_Chan"; Value = ""; VariantName = "[No Variations]"
Add component (AddParameter): Name = "Ma_Hang"; Value = "MH005337"; VariantName = "[No Variations]"
Add component (AddParameter): Name = "So_Chan"; Value = "2"; VariantName = "[No Variations]"
Add component (AddParameter): Name = "Ten_Linh_Kien"; Value = "Tr? 0805 5% 330R"; VariantName = "[No Variations]"
Added Component: Designator=SW2(SW2-SMD)
Add component (AddParameter): Name = "Value"; Value = "Button chip 4 pin"; VariantName = "[No Variations]"
Added Component: Designator=SW3(SW2-SMD)
Add component (AddParameter): Name = "Value"; Value = "Button chip 4 pin"; VariantName = "[No Variations]"
Added Component: Designator=SW4(SW2-SMD)
Add component (AddParameter): Name = "Value"; Value = "Button chip 4 pin"; VariantName = "[No Variations]"
Added Component: Designator=SW5(SW2-SMD)
Add component (AddParameter): Name = "Value"; Value = "Button chip 4 pin"; VariantName = "[No Variations]"
Added Pin To Net: NetName=NetC3_1 Pin=C3-1
Added Pin To Net: NetName=NetC3_2 Pin=C3-2
Added Pin To Net: NetName=NetC3_3 Pin=C3-3
Added Pin To Net: NetName=NetC3_4 Pin=C3-4
Added Pin To Net: NetName=NetC3_5 Pin=C3-5
Added Pin To Net: NetName=NetC3_6 Pin=C3-6
Added Pin To Net: NetName=Net12v_2 Pin=C3-7
Added Pin To Net: NetName=NetC3_8 Pin=C3-8
Added Pin To Net: NetName=NetC3_9 Pin=C3-9
Added Pin To Net: NetName=NetC3_10 Pin=C3-10
Added Pin To Net: NetName=NetC3_11 Pin=C3-11
Added Pin To Net: NetName=NetC3_12 Pin=C3-12
Added Pin To Net: NetName=NetC3_13 Pin=C3-13
Added Pin To Net: NetName=NetC3_14 Pin=C3-14
Added Pin To Net: NetName=Net12v_2 Pin=C4-2
Added Pin To Net: NetName=Net12v_2 Pin=C5-2
Added Pin To Net: NetName=Netc8_1 Pin=c8-1
Added Pin To Net: NetName=NetC3_8 Pin=c8-2
Added Pin To Net: NetName=NetC9_1 Pin=C9-1
Added Pin To Net: NetName=NetC9_2 Pin=C9-2
Added Pin To Net: NetName=NetC9_3 Pin=C9-3
Added Pin To Net: NetName=NetC9_4 Pin=C9-4
Added Pin To Net: NetName=NetC9_5 Pin=C9-5
Added Pin To Net: NetName=NetC9_6 Pin=C9-6
Added Pin To Net: NetName=Net12v_2 Pin=C9-7
Added Pin To Net: NetName=NetC3_8 Pin=C9-8
Added Pin To Net: NetName=NetC3_8 Pin=C9-9
Added Pin To Net: NetName=NetC9_10 Pin=C9-10
Added Pin To Net: NetName=NetC9_11 Pin=C9-11
Added Pin To Net: NetName=NetC9_12 Pin=C9-12
Added Pin To Net: NetName=NetC9_13 Pin=C9-13
Added Pin To Net: NetName=NetC9_14 Pin=C9-14
Added Pin To Net: NetName=NetC15_1 Pin=C15-1
Added Pin To Net: NetName=NetC15_2 Pin=C15-2
Added Pin To Net: NetName=NetC15_1 Pin=C16-1
Added Pin To Net: NetName=NetC16_2 Pin=C16-2
Added Pin To Net: NetName=NetC15_1 Pin=C17-1
Added Pin To Net: NetName=NetC17_2 Pin=C17-2
Added Pin To Net: NetName=NetC15_1 Pin=C18-1
Added Pin To Net: NetName=NetC18_2 Pin=C18-2
Added Pin To Net: NetName=NetJP1_1 Pin=JP1-1
Added Pin To Net: NetName=NetJP1_2 Pin=JP1-2
Added Pin To Net: NetName=NetJP1_3 Pin=JP1-3
Added Pin To Net: NetName=NetC18_2 Pin=JP1-4
Added Pin To Net: NetName=NetC17_2 Pin=JP1-5
Added Pin To Net: NetName=NetC16_2 Pin=JP1-6
Added Pin To Net: NetName=NetC15_2 Pin=JP1-7
Added Pin To Net: NetName=NetC15_1 Pin=JP1-8
Added Pin To Net: NetName=NetJP1_9 Pin=JP1-9
Added Pin To Net: NetName=Netc8_1 Pin=LED1-1
Added Pin To Net: NetName=Net12v_2 Pin=LED1-2
Added Pin To Net: NetName=NetLED2_1 Pin=LED2-1
Added Pin To Net: NetName=NetC15_1 Pin=LED2-2
Added Pin To Net: NetName=NetLED3_1 Pin=LED3-1
Added Pin To Net: NetName=NetC15_1 Pin=LED3-2
Added Pin To Net: NetName=NetLED4_1 Pin=LED4-1
Added Pin To Net: NetName=NetC15_1 Pin=LED4-2
Added Pin To Net: NetName=NetLED5_1 Pin=LED5-1
Added Pin To Net: NetName=NetC15_1 Pin=LED5-2
Added Pin To Net: NetName=NetLED2_1 Pin=R1-1
Added Pin To Net: NetName=NetJP1_9 Pin=R1-2
Added Pin To Net: NetName=NetLED3_1 Pin=R2-1
Added Pin To Net: NetName=NetJP1_3 Pin=R2-2
Added Pin To Net: NetName=NetLED4_1 Pin=R3-1
Added Pin To Net: NetName=NetJP1_2 Pin=R3-2
Added Pin To Net: NetName=NetLED5_1 Pin=R4-1
Added Pin To Net: NetName=NetJP1_1 Pin=R4-2
Added Pin To Net: NetName=NetC15_2 Pin=SW2-1
Added Pin To Net: NetName=NetC15_1 Pin=SW2-2
Added Pin To Net: NetName=NetC15_1 Pin=SW2-3
Added Pin To Net: NetName=NetC15_2 Pin=SW2-4
Added Pin To Net: NetName=NetC16_2 Pin=SW3-1
Added Pin To Net: NetName=NetC15_1 Pin=SW3-2
Added Pin To Net: NetName=NetC15_1 Pin=SW3-3
Added Pin To Net: NetName=NetC16_2 Pin=SW3-4
Added Pin To Net: NetName=NetC17_2 Pin=SW4-1
Added Pin To Net: NetName=NetC15_1 Pin=SW4-2
Added Pin To Net: NetName=NetC15_1 Pin=SW4-3
Added Pin To Net: NetName=NetC17_2 Pin=SW4-4
Added Pin To Net: NetName=NetC18_2 Pin=SW5-1
Added Pin To Net: NetName=NetC15_1 Pin=SW5-2
Added Pin To Net: NetName=NetC15_1 Pin=SW5-3
Added Pin To Net: NetName=NetC18_2 Pin=SW5-4
Added Member To Class: ClassName=Tien Member=Component C3 JP14
Added Member To Class: ClassName=Tien Member=Component c8 1K
Added Member To Class: ClassName=Tien Member=Component C9 JP14
Added Member To Class: ClassName=Tien Member=Component C15 106
Added Member To Class: ClassName=Tien Member=Component C16 106
Added Member To Class: ClassName=Tien Member=Component C17 106
Added Member To Class: ClassName=Tien Member=Component C18 106
Added Member To Class: ClassName=Tien Member=Component JP1 JP9
Added Member To Class: ClassName=Tien Member=Component LED1 LED
Added Member To Class: ClassName=Tien Member=Component LED2 LED
Added Member To Class: ClassName=Tien Member=Component LED3 LED
Added Member To Class: ClassName=Tien Member=Component LED4 LED
Added Member To Class: ClassName=Tien Member=Component LED5 LED
Added Member To Class: ClassName=Tien Member=Component R1 330R
Added Member To Class: ClassName=Tien Member=Component R2 330R
Added Member To Class: ClassName=Tien Member=Component R3 330R
Added Member To Class: ClassName=Tien Member=Component R4 330R
Added Member To Class: ClassName=Tien Member=Component SW2 SW
Added Member To Class: ClassName=Tien Member=Component SW3 SW
Added Member To Class: ClassName=Tien Member=Component SW4 SW
Added Member To Class: ClassName=Tien Member=Component SW5 SW
Added Room: Name=Tien
