Removed Pin From Net: NetName=NetC3_8 Pin=J1-1
Removed Pin From Net: NetName=NetBT1_2 Pin=J1-2
Removed Member From Class: ClassName=Tien Member=J1
Added Component: Designator=C12(JP14-C1T)
Add component (AddParameter): Name = "ComponentLink1 Description"; Value = "Manufacturer"; VariantName = "[No Variations]"
Add component (AddParameter): Name = "ComponentLink1URL"; Value = "http://www.we-online.com"; VariantName = "[No Variations]"
Add component (AddParameter): Name = "ComponentLink2 Description"; Value = "Datasheet"; VariantName = "[No Variations]"
Add component (AddParameter): Name = "ComponentLink2URL"; Value = "http://katalog.we-online.de/em/datasheet/6130xx143121.pdf"; VariantName = "[No Variations]"
Add component (AddParameter): Name = "Created by"; Value = "Karrer Zheng"; VariantName = "[No Variations]"
Add component (AddParameter): Name = "Created Date"; Value = "29 March 2013"; VariantName = "[No Variations]"
Add component (AddParameter): Name = "Manufacturer"; Value = "W¨¹rth Elektronik eiSos GmbH"; VariantName = "[No Variations]"
Add component (AddParameter): Name = "NoPins"; Value = "14"; VariantName = "[No Variations]"
Add component (AddParameter): Name = "partNo"; Value = "613014143121"; VariantName = "[No Variations]"
Added Component: Designator=C13(JP14-C1T)
Add component (AddParameter): Name = "ComponentLink1 Description"; Value = "Manufacturer"; VariantName = "[No Variations]"
Add component (AddParameter): Name = "ComponentLink1URL"; Value = "http://www.we-online.com"; VariantName = "[No Variations]"
Add component (AddParameter): Name = "ComponentLink2 Description"; Value = "Datasheet"; VariantName = "[No Variations]"
Add component (AddParameter): Name = "ComponentLink2URL"; Value = "http://katalog.we-online.de/em/datasheet/6130xx143121.pdf"; VariantName = "[No Variations]"
Add component (AddParameter): Name = "Created by"; Value = "Karrer Zheng"; VariantName = "[No Variations]"
Add component (AddParameter): Name = "Created Date"; Value = "29 March 2013"; VariantName = "[No Variations]"
Add component (AddParameter): Name = "Manufacturer"; Value = "W¨¹rth Elektronik eiSos GmbH"; VariantName = "[No Variations]"
Add component (AddParameter): Name = "NoPins"; Value = "14"; VariantName = "[No Variations]"
Add component (AddParameter): Name = "partNo"; Value = "613014143121"; VariantName = "[No Variations]"
Added Component: Designator=IN1(DC0)
Add component (AddParameter): Name = "Value"; Value = "Jac DC"; VariantName = "[No Variations]"
Added Pin To Net: NetName=NetC3_8 Pin=C9-9
Added Pin To Net: NetName=NetC3_1 Pin=C12-1
Added Pin To Net: NetName=NetC3_2 Pin=C12-2
Added Pin To Net: NetName=NetC3_3 Pin=C12-3
Added Pin To Net: NetName=NetC3_4 Pin=C12-4
Added Pin To Net: NetName=NetC3_5 Pin=C12-5
Added Pin To Net: NetName=NetC3_6 Pin=C12-6
Added Pin To Net: NetName=NetBT1_2 Pin=C12-7
Added Pin To Net: NetName=NetC3_8 Pin=C12-8
Added Pin To Net: NetName=NetC3_9 Pin=C12-9
Added Pin To Net: NetName=NetC3_10 Pin=C12-10
Added Pin To Net: NetName=NetC3_11 Pin=C12-11
Added Pin To Net: NetName=NetC3_12 Pin=C12-12
Added Pin To Net: NetName=NetC3_13 Pin=C12-13
Added Pin To Net: NetName=NetC3_14 Pin=C12-14
Added Pin To Net: NetName=NetC9_1 Pin=C13-1
Added Pin To Net: NetName=NetC9_2 Pin=C13-2
Added Pin To Net: NetName=NetC9_3 Pin=C13-3
Added Pin To Net: NetName=NetC9_4 Pin=C13-4
Added Pin To Net: NetName=NetC9_5 Pin=C13-5
Added Pin To Net: NetName=NetC9_6 Pin=C13-6
Added Pin To Net: NetName=NetBT1_2 Pin=C13-7
Added Pin To Net: NetName=NetC9_8 Pin=C13-8
Added Pin To Net: NetName=NetC3_8 Pin=C13-9
Added Pin To Net: NetName=NetC9_10 Pin=C13-10
Added Pin To Net: NetName=NetC9_11 Pin=C13-11
Added Pin To Net: NetName=NetC9_12 Pin=C13-12
Added Pin To Net: NetName=NetC9_13 Pin=C13-13
Added Pin To Net: NetName=NetC9_14 Pin=C13-14
Added Pin To Net: NetName=NetC3_8 Pin=IN1-1
Added Pin To Net: NetName=NetBT1_2 Pin=IN1-2
Added Member To Class: ClassName=Tien Member=Component C12 JP14
Added Member To Class: ClassName=Tien Member=Component C13 JP14
Added Member To Class: ClassName=Tien Member=Component IN1 Jac DC
Added Room: Name=Tien
