Change component parameters: Designator = "J" ("J"); Footprint = "DIP762W60P254L3556H510Q28"; UniqueID = "\DAFPPUWD" ("\DAFPPUWD")
Change component parameters (AddParameter): Name = "Centerline_Pitch"; Value = "2.54 mm[.1 in]"; VariantName = "[No Variations]"
Change component parameters (AddParameter): Name = "ComponentLink1Description"; Value = "New link"; VariantName = "[No Variations]"
Change component parameters (AddParameter): Name = "ComponentLink1URL"; Value = ""; VariantName = "[No Variations]"
Change component parameters (AddParameter): Name = "Digi-Key_Part_Number"; Value = "A120353-ND"; VariantName = "[No Variations]"
Change component parameters (AddParameter): Name = "EU_RoHS_Compliance"; Value = "Compliant"; VariantName = "[No Variations]"
Change component parameters (AddParameter): Name = "MF"; Value = "TE Connectivity"; VariantName = "[No Variations]"
Change component parameters (AddParameter): Name = "MP"; Value = "1-2199298-9"; VariantName = "[No Variations]"
Change component parameters (AddParameter): Name = "Number_of_Positions"; Value = "28"; VariantName = "[No Variations]"
Change component parameters (AddParameter): Name = "Package"; Value = "PDIP-28 TE Connectivity"; VariantName = "[No Variations]"
Change component parameters (AddParameter): Name = "Product_Type"; Value = "Socket"; VariantName = "[No Variations]"
Change component parameters (AddParameter): Name = "SnapEDA_Link"; Value = "https://www.snapeda.com/parts/1-2199298-9/TE%20Connectivity%20AMP%20Connectors/view-part/1265789/?ref=snap"; VariantName = "[No Variations]"
Change component parameters (AddParameter): Name = "Value"; Value = ""; VariantName = "[No Variations]"
Added Component: Designator=BT1(PIN3V)
Add component (AddParameter): Name = "Value"; Value = "PIN 3V"; VariantName = "[No Variations]"
Added Component: Designator=C3(JP14-D1T)
Add component (AddParameter): Name = "ComponentLink1 Description"; Value = "Manufacturer"; VariantName = "[No Variations]"
Add component (AddParameter): Name = "ComponentLink1URL"; Value = "http://www.we-online.com"; VariantName = "[No Variations]"
Add component (AddParameter): Name = "ComponentLink2 Description"; Value = "Datasheet"; VariantName = "[No Variations]"
Add component (AddParameter): Name = "ComponentLink2URL"; Value = "http://katalog.we-online.de/em/datasheet/6130xx143121.pdf"; VariantName = "[No Variations]"
Add component (AddParameter): Name = "Created by"; Value = "Karrer Zheng"; VariantName = "[No Variations]"
Add component (AddParameter): Name = "Created Date"; Value = "29 March 2013"; VariantName = "[No Variations]"
Add component (AddParameter): Name = "Manufacturer"; Value = "W¨¹rth Elektronik eiSos GmbH"; VariantName = "[No Variations]"
Add component (AddParameter): Name = "NoPins"; Value = "14"; VariantName = "[No Variations]"
Add component (AddParameter): Name = "partNo"; Value = "613014143121"; VariantName = "[No Variations]"
Added Component: Designator=C9(JP14-D1T)
Add component (AddParameter): Name = "ComponentLink1 Description"; Value = "Manufacturer"; VariantName = "[No Variations]"
Add component (AddParameter): Name = "ComponentLink1URL"; Value = "http://www.we-online.com"; VariantName = "[No Variations]"
Add component (AddParameter): Name = "ComponentLink2 Description"; Value = "Datasheet"; VariantName = "[No Variations]"
Add component (AddParameter): Name = "ComponentLink2URL"; Value = "http://katalog.we-online.de/em/datasheet/6130xx143121.pdf"; VariantName = "[No Variations]"
Add component (AddParameter): Name = "Created by"; Value = "Karrer Zheng"; VariantName = "[No Variations]"
Add component (AddParameter): Name = "Created Date"; Value = "29 March 2013"; VariantName = "[No Variations]"
Add component (AddParameter): Name = "Manufacturer"; Value = "W¨¹rth Elektronik eiSos GmbH"; VariantName = "[No Variations]"
Add component (AddParameter): Name = "NoPins"; Value = "14"; VariantName = "[No Variations]"
Add component (AddParameter): Name = "partNo"; Value = "613014143121"; VariantName = "[No Variations]"
Added Component: Designator=c10(tro vach 1/4w)
Add component (AddParameter): Name = "Chung_Loai"; Value = "C?m"; VariantName = "[No Variations]"
Add component (AddParameter): Name = "Don_Vi"; Value = "Con"; VariantName = "[No Variations]"
Add component (AddParameter): Name = "Kieu_Chan"; Value = ""; VariantName = "[No Variations]"
Add component (AddParameter): Name = "Ma_Hang"; Value = "MH007354"; VariantName = "[No Variations]"
Add component (AddParameter): Name = "So_Chan"; Value = "2"; VariantName = "[No Variations]"
Add component (AddParameter): Name = "Ten_Linh_Kien"; Value = "Tr? V?ch 1/4w 5% 10K"; VariantName = "[No Variations]"
Added Component: Designator=c11(tro vach 1/4w)
Add component (AddParameter): Name = "Chung_Loai"; Value = "C?m"; VariantName = "[No Variations]"
Add component (AddParameter): Name = "Don_Vi"; Value = "Con"; VariantName = "[No Variations]"
Add component (AddParameter): Name = "Kieu_Chan"; Value = ""; VariantName = "[No Variations]"
Add component (AddParameter): Name = "Ma_Hang"; Value = "MH007354"; VariantName = "[No Variations]"
Add component (AddParameter): Name = "So_Chan"; Value = "2"; VariantName = "[No Variations]"
Add component (AddParameter): Name = "Ten_Linh_Kien"; Value = "Tr? V?ch 1/4w 5% 10K"; VariantName = "[No Variations]"
Added Component: Designator=Cx3(CN1)
Add component (AddParameter): Name = "Value"; Value = "33pF"; VariantName = "[No Variations]"
Added Component: Designator=J1(KF2-3.5)
Add component (AddParameter): Name = "ComponentLink1 Description"; Value = "Manufacturer"; VariantName = "[No Variations]"
Add component (AddParameter): Name = "ComponentLink1URL"; Value = "http://www.we-online.com"; VariantName = "[No Variations]"
Add component (AddParameter): Name = "ComponentLink2 Description"; Value = "Datasheet"; VariantName = "[No Variations]"
Add component (AddParameter): Name = "ComponentLink2URL"; Value = "http://katalog.we-online.de/em/datasheet/6911031100xx.pdf"; VariantName = "[No Variations]"
Add component (AddParameter): Name = "Created by"; Value = "Karrer Zheng"; VariantName = "[No Variations]"
Add component (AddParameter): Name = "Created Date"; Value = "29 October 2013"; VariantName = "[No Variations]"
Add component (AddParameter): Name = "Manufacturer"; Value = "Würth Elektronik eiSos GmbH"; VariantName = "[No Variations]"
Add component (AddParameter): Name = "NoPins"; Value = "2"; VariantName = "[No Variations]"
Add component (AddParameter): Name = "partNo"; Value = "691103110002"; VariantName = "[No Variations]"
Added Component: Designator=J2(DIPS762W61P254L1016H525Q8N)
Add component (AddParameter): Name = "Availability"; Value = "Unavailable"; VariantName = "[No Variations]"
Add component (AddParameter): Name = "MF"; Value = "Assmann WSW Components"; VariantName = "[No Variations]"
Add component (AddParameter): Name = "MP"; Value = "A 08-LC-TT"; VariantName = "[No Variations]"
Add component (AddParameter): Name = "Package"; Value = "None"; VariantName = "[No Variations]"
Add component (AddParameter): Name = "Price"; Value = "None"; VariantName = "[No Variations]"
Add component (AddParameter): Name = "SnapEDA_Link"; Value = "https://www.snapeda.com/parts/A%2008-LC-TT/Assmann%20WSW%20Components/view-part/3092960/?ref=snap"; VariantName = "[No Variations]"
Add component (AddParameter): Name = "Value"; Value = ""; VariantName = "[No Variations]"
Added Component: Designator=X1(XT32k)
Add component (AddParameter): Name = "Value"; Value = "4Mhz"; VariantName = "[No Variations]"
Added Pin To Net: NetName=NetBT1_1 Pin=BT1-1
Added Pin To Net: NetName=NetBT1_1 Pin=J2-3
Added Net: Name=NetBT1_1
Added Pin To Net: NetName=NetBT1_2 Pin=BT1-2
Added Pin To Net: NetName=NetBT1_2 Pin=C3-7
Added Pin To Net: NetName=NetBT1_2 Pin=C9-7
Added Pin To Net: NetName=NetBT1_2 Pin=Cx3-1
Added Pin To Net: NetName=NetBT1_2 Pin=J1-2
Added Pin To Net: NetName=NetBT1_2 Pin=J2-4
Added Net: Name=NetBT1_2
Added Pin To Net: NetName=NetC3_1 Pin=C3-1
Added Net: Name=NetC3_1
Added Pin To Net: NetName=NetC3_2 Pin=C3-2
Added Net: Name=NetC3_2
Added Pin To Net: NetName=NetC3_3 Pin=C3-3
Added Net: Name=NetC3_3
Added Pin To Net: NetName=NetC3_4 Pin=C3-4
Added Net: Name=NetC3_4
Added Pin To Net: NetName=NetC3_5 Pin=C3-5
Added Net: Name=NetC3_5
Added Pin To Net: NetName=NetC3_6 Pin=C3-6
Added Net: Name=NetC3_6
Added Pin To Net: NetName=NetC3_8 Pin=C3-8
Added Pin To Net: NetName=NetC3_8 Pin=c10-2
Added Pin To Net: NetName=NetC3_8 Pin=c11-2
Added Pin To Net: NetName=NetC3_8 Pin=Cx3-2
Added Pin To Net: NetName=NetC3_8 Pin=J1-1
Added Pin To Net: NetName=NetC3_8 Pin=J2-8
Added Net: Name=NetC3_8
Added Pin To Net: NetName=NetC3_9 Pin=C3-9
Added Net: Name=NetC3_9
Added Pin To Net: NetName=NetC3_10 Pin=C3-10
Added Net: Name=NetC3_10
Added Pin To Net: NetName=NetC3_11 Pin=C3-11
Added Net: Name=NetC3_11
Added Pin To Net: NetName=NetC3_12 Pin=C3-12
Added Net: Name=NetC3_12
Added Pin To Net: NetName=NetC3_13 Pin=C3-13
Added Net: Name=NetC3_13
Added Pin To Net: NetName=NetC3_14 Pin=C3-14
Added Net: Name=NetC3_14
Added Pin To Net: NetName=NetC9_1 Pin=C9-1
Added Pin To Net: NetName=NetC9_1 Pin=c11-1
Added Pin To Net: NetName=NetC9_1 Pin=J2-6
Added Net: Name=NetC9_1
Added Pin To Net: NetName=NetC9_2 Pin=C9-2
Added Pin To Net: NetName=NetC9_2 Pin=c10-1
Added Pin To Net: NetName=NetC9_2 Pin=J2-5
Added Net: Name=NetC9_2
Added Pin To Net: NetName=NetC9_3 Pin=C9-3
Added Net: Name=NetC9_3
Added Pin To Net: NetName=NetC9_4 Pin=C9-4
Added Net: Name=NetC9_4
Added Pin To Net: NetName=NetC9_5 Pin=C9-5
Added Net: Name=NetC9_5
Added Pin To Net: NetName=NetC9_6 Pin=C9-6
Added Net: Name=NetC9_6
Added Pin To Net: NetName=NetC9_8 Pin=C9-8
Added Net: Name=NetC9_8
Added Pin To Net: NetName=NetC9_9 Pin=C9-9
Added Net: Name=NetC9_9
Added Pin To Net: NetName=NetC9_10 Pin=C9-10
Added Net: Name=NetC9_10
Added Pin To Net: NetName=NetC9_11 Pin=C9-11
Added Net: Name=NetC9_11
Added Pin To Net: NetName=NetC9_12 Pin=C9-12
Added Net: Name=NetC9_12
Added Pin To Net: NetName=NetC9_13 Pin=C9-13
Added Net: Name=NetC9_13
Added Pin To Net: NetName=NetC9_14 Pin=C9-14
Added Net: Name=NetC9_14
Added Pin To Net: NetName=NetJ2_1 Pin=J2-1
Added Pin To Net: NetName=NetJ2_1 Pin=X1-2
Added Net: Name=NetJ2_1
Added Pin To Net: NetName=NetJ2_2 Pin=J2-2
Added Pin To Net: NetName=NetJ2_2 Pin=X1-1
Added Net: Name=NetJ2_2
Added Member To Class: ClassName=Tien Member=Component BT1 PIN 3V
Added Member To Class: ClassName=Tien Member=Component C3 JP14
Added Member To Class: ClassName=Tien Member=Component C9 JP14
Added Member To Class: ClassName=Tien Member=Component c10 4,7K
Added Member To Class: ClassName=Tien Member=Component c11 4,7K
Added Member To Class: ClassName=Tien Member=Component Cx3 104
Added Member To Class: ClassName=Tien Member=Component J1 KF2
Added Member To Class: ClassName=Tien Member=Component J2 A_08-LC-TT
Added Member To Class: ClassName=Tien Member=Component X1 32k
Added Room: Name=Tien
